<?xml version="1.0" encoding="UTF-8"?>
<!-- Generated by org.testng.reporters.JUnitXMLReporter -->
<testsuite ignored="0" hostname="DESKTOP-7LQLMGE" failures="1" tests="1" name="smoke testing CityBank search" time="15.794" errors="0" timestamp="2021-11-16T19:33:39 EST">
  <testcase classname="test.Testt" name="clikAndSendkey" time="3.713">
    <failure type="java.lang.NullPointerException">
      <![CDATA[java.lang.NullPointerException
at base.CommonAPI.typeByXpath(CommonAPI.java:171)
at test.Testt.clikAndSendkey(Testt.java:14)
at java.base/java.util.ArrayList.forEach(ArrayList.java:1541)
at com.intellij.rt.testng.IDEARemoteTestNG.run(IDEARemoteTestNG.java:66)
at com.intellij.rt.testng.RemoteTestNGStarter.main(RemoteTestNGStarter.java:109)
... Removed 24 stack frames]]>
    </failure>
  </testcase> <!-- clikAndSendkey -->
</testsuite> <!-- smoke testing CityBank search -->
