<?xml version="1.0" encoding="UTF-8"?>
<testsuite xmlns:xsi="http://www.w3.org/2001/XMLSchema-instance" xsi:noNamespaceSchemaLocation="https://maven.apache.org/surefire/maven-surefire-plugin/xsd/surefire-test-report.xsd" name="TestSuite" time="1.507" tests="215" errors="0" skipped="206" failures="9">
  <properties>
[...]
</properties>
  <testcase name="setUp" classname="test.TestAAdvantageExecutiveWorldElite" time="0.822">
    <failure message="The driver executable must exist: C:\Users\nassi\IdeaProjects\FinalProject\CitiBank\..\Generic\drivers\chromedriver" type="java.lang.IllegalStateException">java.lang.IllegalStateException: The driver executable must exist: C:\Users\nassi\IdeaProjects\FinalProject\CitiBank\..\Generic\drivers\chromedriver
</failure>
    <system-out><![CDATA[Extent Report DirectoryC:\Users\nassi\IdeaProjects\FinalProject\CitiBank\target\surefire-reports\html
]]></system-out>
    <system-err><![CDATA[Nov 26, 2021 10:36:24 PM com.relevantcodes.extentreports.ExtentReports loadConfig
WARNING: Unable to perform report configuration. The file C:\Users\nassi\IdeaProjects\FinalProject\CitiBank\report-config.xml was not found.
]]></system-err>
  </testcase>
  <testcase name="setUp" classname="test.TestAAdvantageExecutiveWorldElite" time="0">
    <skipped/>
  </testcase>
  <testcase name="setUp" classname="test.TestAAdvantageExecutiveWorldElite" time="0">
    <skipped/>
  </testcase>
  <testcase name="setUp" classname="test.TestAAdvantageExecutiveWorldElite" time="0">
    <skipped/>
  </testcase>
  <testcase name="setUp" classname="test.TestAAdvantageExecutiveWorldElite" time="0">
    <skipped/>
  </testcase>
  <testcase name="setUp" classname="test.TestAAdvantageExecutiveWorldElite" time="0">
    <skipped/>
  </testcase>
  <testcase name="setUp" classname="test.TestAAdvantageExecutiveWorldElite" time="0">
    <skipped/>
  </testcase>
  <testcase name="startExtent" classname="test.TestAAdvantageExecutiveWorldElite" time="0">
    <skipped/>
  </testcase>
  <testcase name="startExtent" classname="test.TestAAdvantageExecutiveWorldElite" time="0">
    <skipped/>
  </testcase>
  <testcase name="startExtent" classname="test.TestAAdvantageExecutiveWorldElite" time="0">
    <skipped/>
  </testcase>
  <testcase name="startExtent" classname="test.TestAAdvantageExecutiveWorldElite" time="0">
    <skipped/>
  </testcase>
  <testcase name="startExtent" classname="test.TestAAdvantageExecutiveWorldElite" time="0">
    <skipped/>
  </testcase>
  <testcase name="startExtent" classname="test.TestAAdvantageExecutiveWorldElite" time="0">
    <skipped/>
  </testcase>
  <testcase name="startExtent" classname="test.TestAAdvantageExecutiveWorldElite" time="0">
    <skipped/>
  </testcase>
  <testcase name="TestCitiRewardsCreditCard" classname="test.TestAAdvantageExecutiveWorldElite" time="0">
    <skipped message="The driver executable must exist: C:\Users\nassi\IdeaProjects\FinalProject\CitiBank\..\Generic\drivers\chromedriver"/>
  </testcase>
  <testcase name="afterEachTestMethod" classname="test.TestAAdvantageExecutiveWorldElite" time="0">
    <skipped/>
  </testcase>
  <testcase name="afterEachTestMethod" classname="test.TestAAdvantageExecutiveWorldElite" time="0">
    <skipped/>
  </testcase>
  <testcase name="afterEachTestMethod" classname="test.TestAAdvantageExecutiveWorldElite" time="0">
    <skipped/>
  </testcase>
  <testcase name="afterEachTestMethod" classname="test.TestAAdvantageExecutiveWorldElite" time="0">
    <skipped/>
  </testcase>
  <testcase name="afterEachTestMethod" classname="test.TestAAdvantageExecutiveWorldElite" time="0">
    <skipped/>
  </testcase>
  <testcase name="afterEachTestMethod" classname="test.TestAAdvantageExecutiveWorldElite" time="0">
    <skipped/>
  </testcase>
  <testcase name="afterEachTestMethod" classname="test.TestAAdvantageExecutiveWorldElite" time="0">
    <skipped/>
  </testcase>
  <testcase name="afterMethod" classname="test.TestAAdvantageExecutiveWorldElite" time="0">
    <skipped/>
  </testcase>
  <testcase name="afterMethod" classname="test.TestAAdvantageExecutiveWorldElite" time="0">
    <skipped/>
  </testcase>
  <testcase name="afterMethod" classname="test.TestAAdvantageExecutiveWorldElite" time="0">
    <skipped/>
  </testcase>
  <testcase name="afterMethod" classname="test.TestAAdvantageExecutiveWorldElite" time="0">
    <skipped/>
  </testcase>
  <testcase name="afterMethod" classname="test.TestAAdvantageExecutiveWorldElite" time="0">
    <skipped/>
  </testcase>
  <testcase name="afterMethod" classname="test.TestAAdvantageExecutiveWorldElite" time="0">
    <skipped/>
  </testcase>
  <testcase name="afterMethod" classname="test.TestAAdvantageExecutiveWorldElite" time="0">
    <skipped/>
  </testcase>
  <testcase name="TestCostcoBusinessCreditCard" classname="test.TestAAdvantageExecutiveWorldElite" time="0">
    <skipped message="The driver executable must exist: C:\Users\nassi\IdeaProjects\FinalProject\CitiBank\..\Generic\drivers\chromedriver"/>
  </testcase>
  <testcase name="TestCostcoVisaCreditCard" classname="test.TestAAdvantageExecutiveWorldElite" time="0">
    <skipped message="The driver executable must exist: C:\Users\nassi\IdeaProjects\FinalProject\CitiBank\..\Generic\drivers\chromedriver"/>
  </testcase>
  <testcase name="TestCustomerCash" classname="test.TestAAdvantageExecutiveWorldElite" time="0">
    <skipped message="The driver executable must exist: C:\Users\nassi\IdeaProjects\FinalProject\CitiBank\..\Generic\drivers\chromedriver"/>
  </testcase>
  <testcase name="TestDiamondCreditCard" classname="test.TestAAdvantageExecutiveWorldElite" time="0">
    <skipped message="The driver executable must exist: C:\Users\nassi\IdeaProjects\FinalProject\CitiBank\..\Generic\drivers\chromedriver"/>
  </testcase>
  <testcase name="TestDoubleCashCreditCard" classname="test.TestAAdvantageExecutiveWorldElite" time="0">
    <skipped message="The driver executable must exist: C:\Users\nassi\IdeaProjects\FinalProject\CitiBank\..\Generic\drivers\chromedriver"/>
  </testcase>
  <testcase name="test" classname="test.TestAAdvantageExecutiveWorldElite" time="0">
    <skipped message="The driver executable must exist: C:\Users\nassi\IdeaProjects\FinalProject\CitiBank\..\Generic\drivers\chromedriver"/>
  </testcase>
  <testcase name="setUp" classname="test.TestCreditCards" time="0.006">
    <failure message="The driver executable must exist: C:\Users\nassi\IdeaProjects\FinalProject\CitiBank\..\Generic\drivers\chromedriver" type="java.lang.IllegalStateException">java.lang.IllegalStateException: The driver executable must exist: C:\Users\nassi\IdeaProjects\FinalProject\CitiBank\..\Generic\drivers\chromedriver
</failure>
  </testcase>
  <testcase name="setUp" classname="test.TestCreditCards" time="0">
    <skipped/>
  </testcase>
  <testcase name="setUp" classname="test.TestCreditCards" time="0">
    <skipped/>
  </testcase>
  <testcase name="setUp" classname="test.TestCreditCards" time="0">
    <skipped/>
  </testcase>
  <testcase name="setUp" classname="test.TestCreditCards" time="0">
    <skipped/>
  </testcase>
  <testcase name="setUp" classname="test.TestCreditCards" time="0">
    <skipped/>
  </testcase>
  <testcase name="setUp" classname="test.TestCreditCards" time="0">
    <skipped/>
  </testcase>
  <testcase name="startExtent" classname="test.TestCreditCards" time="0">
    <skipped/>
  </testcase>
  <testcase name="startExtent" classname="test.TestCreditCards" time="0">
    <skipped/>
  </testcase>
  <testcase name="startExtent" classname="test.TestCreditCards" time="0">
    <skipped/>
  </testcase>
  <testcase name="startExtent" classname="test.TestCreditCards" time="0">
    <skipped/>
  </testcase>
  <testcase name="startExtent" classname="test.TestCreditCards" time="0">
    <skipped/>
  </testcase>
  <testcase name="startExtent" classname="test.TestCreditCards" time="0">
    <skipped/>
  </testcase>
  <testcase name="startExtent" classname="test.TestCreditCards" time="0">
    <skipped/>
  </testcase>
  <testcase name="TestCitiRewardsCreditCard" classname="test.TestCreditCards" time="0">
    <skipped message="The driver executable must exist: C:\Users\nassi\IdeaProjects\FinalProject\CitiBank\..\Generic\drivers\chromedriver"/>
  </testcase>
  <testcase name="afterEachTestMethod" classname="test.TestCreditCards" time="0">
    <skipped/>
  </testcase>
  <testcase name="afterEachTestMethod" classname="test.TestCreditCards" time="0">
    <skipped/>
  </testcase>
  <testcase name="afterEachTestMethod" classname="test.TestCreditCards" time="0">
    <skipped/>
  </testcase>
  <testcase name="afterEachTestMethod" classname="test.TestCreditCards" time="0">
    <skipped/>
  </testcase>
  <testcase name="afterEachTestMethod" classname="test.TestCreditCards" time="0">
    <skipped/>
  </testcase>
  <testcase name="afterEachTestMethod" classname="test.TestCreditCards" time="0">
    <skipped/>
  </testcase>
  <testcase name="afterEachTestMethod" classname="test.TestCreditCards" time="0">
    <skipped/>
  </testcase>
  <testcase name="afterMethod" classname="test.TestCreditCards" time="0">
    <skipped/>
  </testcase>
  <testcase name="afterMethod" classname="test.TestCreditCards" time="0">
    <skipped/>
  </testcase>
  <testcase name="afterMethod" classname="test.TestCreditCards" time="0">
    <skipped/>
  </testcase>
  <testcase name="afterMethod" classname="test.TestCreditCards" time="0">
    <skipped/>
  </testcase>
  <testcase name="afterMethod" classname="test.TestCreditCards" time="0">
    <skipped/>
  </testcase>
  <testcase name="afterMethod" classname="test.TestCreditCards" time="0">
    <skipped/>
  </testcase>
  <testcase name="afterMethod" classname="test.TestCreditCards" time="0">
    <skipped/>
  </testcase>
  <testcase name="TestCostcoBusinessCreditCard" classname="test.TestCreditCards" time="0">
    <skipped message="The driver executable must exist: C:\Users\nassi\IdeaProjects\FinalProject\CitiBank\..\Generic\drivers\chromedriver"/>
  </testcase>
  <testcase name="TestCustomerCash" classname="test.TestCreditCards" time="0">
    <skipped message="The driver executable must exist: C:\Users\nassi\IdeaProjects\FinalProject\CitiBank\..\Generic\drivers\chromedriver"/>
  </testcase>
  <testcase name="TestD_Card" classname="test.TestCreditCards" time="0">
    <skipped message="The driver executable must exist: C:\Users\nassi\IdeaProjects\FinalProject\CitiBank\..\Generic\drivers\chromedriver"/>
  </testcase>
  <testcase name="TestDoubleCashCreditCard" classname="test.TestCreditCards" time="0">
    <skipped message="The driver executable must exist: C:\Users\nassi\IdeaProjects\FinalProject\CitiBank\..\Generic\drivers\chromedriver"/>
  </testcase>
  <testcase name="TestVisaCreditCard" classname="test.TestCreditCards" time="0">
    <skipped message="The driver executable must exist: C:\Users\nassi\IdeaProjects\FinalProject\CitiBank\..\Generic\drivers\chromedriver"/>
  </testcase>
  <testcase name="test" classname="test.TestCreditCards" time="0">
    <skipped message="The driver executable must exist: C:\Users\nassi\IdeaProjects\FinalProject\CitiBank\..\Generic\drivers\chromedriver"/>
  </testcase>
  <testcase name="setUp" classname="test.TestGetHelp" time="0.004">
    <failure message="The driver executable must exist: C:\Users\nassi\IdeaProjects\FinalProject\CitiBank\..\Generic\drivers\chromedriver" type="java.lang.IllegalStateException">java.lang.IllegalStateException: The driver executable must exist: C:\Users\nassi\IdeaProjects\FinalProject\CitiBank\..\Generic\drivers\chromedriver
</failure>
  </testcase>
  <testcase name="startExtent" classname="test.TestGetHelp" time="0">
    <skipped/>
  </testcase>
  <testcase name="getInfo" classname="test.TestGetHelp" time="0">
    <skipped message="The driver executable must exist: C:\Users\nassi\IdeaProjects\FinalProject\CitiBank\..\Generic\drivers\chromedriver"/>
  </testcase>
  <testcase name="afterEachTestMethod" classname="test.TestGetHelp" time="0">
    <skipped/>
  </testcase>
  <testcase name="afterMethod" classname="test.TestGetHelp" time="0">
    <skipped/>
  </testcase>
  <testcase name="setUp" classname="test.TestHomePage" time="0.003">
    <failure message="The driver executable must exist: C:\Users\nassi\IdeaProjects\FinalProject\CitiBank\..\Generic\drivers\chromedriver" type="java.lang.IllegalStateException">java.lang.IllegalStateException: The driver executable must exist: C:\Users\nassi\IdeaProjects\FinalProject\CitiBank\..\Generic\drivers\chromedriver
</failure>
  </testcase>
  <testcase name="setUp" classname="test.TestHomePage" time="0">
    <skipped/>
  </testcase>
  <testcase name="setUp" classname="test.TestHomePage" time="0">
    <skipped/>
  </testcase>
  <testcase name="setUp" classname="test.TestHomePage" time="0">
    <skipped/>
  </testcase>
  <testcase name="setUp" classname="test.TestHomePage" time="0">
    <skipped/>
  </testcase>
  <testcase name="setUp" classname="test.TestHomePage" time="0">
    <skipped/>
  </testcase>
  <testcase name="setUp" classname="test.TestHomePage" time="0">
    <skipped/>
  </testcase>
  <testcase name="setUp" classname="test.TestHomePage" time="0">
    <skipped/>
  </testcase>
  <testcase name="setUp" classname="test.TestHomePage" time="0">
    <skipped/>
  </testcase>
  <testcase name="setUp" classname="test.TestHomePage" time="0">
    <skipped/>
  </testcase>
  <testcase name="setUp" classname="test.TestHomePage" time="0">
    <skipped/>
  </testcase>
  <testcase name="setUp" classname="test.TestHomePage" time="0">
    <skipped/>
  </testcase>
  <testcase name="setUp" classname="test.TestHomePage" time="0">
    <skipped/>
  </testcase>
  <testcase name="setUp" classname="test.TestHomePage" time="0">
    <skipped/>
  </testcase>
  <testcase name="setUp" classname="test.TestHomePage" time="0">
    <skipped/>
  </testcase>
  <testcase name="setUp" classname="test.TestHomePage" time="0">
    <skipped/>
  </testcase>
  <testcase name="setUp" classname="test.TestHomePage" time="0">
    <skipped/>
  </testcase>
  <testcase name="setUp" classname="test.TestHomePage" time="0">
    <skipped/>
  </testcase>
  <testcase name="setUp" classname="test.TestHomePage" time="0">
    <skipped/>
  </testcase>
  <testcase name="setUp" classname="test.TestHomePage" time="0">
    <skipped/>
  </testcase>
  <testcase name="startExtent" classname="test.TestHomePage" time="0">
    <skipped/>
  </testcase>
  <testcase name="startExtent" classname="test.TestHomePage" time="0">
    <skipped/>
  </testcase>
  <testcase name="startExtent" classname="test.TestHomePage" time="0">
    <skipped/>
  </testcase>
  <testcase name="startExtent" classname="test.TestHomePage" time="0">
    <skipped/>
  </testcase>
  <testcase name="startExtent" classname="test.TestHomePage" time="0">
    <skipped/>
  </testcase>
  <testcase name="startExtent" classname="test.TestHomePage" time="0">
    <skipped/>
  </testcase>
  <testcase name="startExtent" classname="test.TestHomePage" time="0">
    <skipped/>
  </testcase>
  <testcase name="startExtent" classname="test.TestHomePage" time="0">
    <skipped/>
  </testcase>
  <testcase name="startExtent" classname="test.TestHomePage" time="0">
    <skipped/>
  </testcase>
  <testcase name="startExtent" classname="test.TestHomePage" time="0">
    <skipped/>
  </testcase>
  <testcase name="startExtent" classname="test.TestHomePage" time="0">
    <skipped/>
  </testcase>
  <testcase name="startExtent" classname="test.TestHomePage" time="0">
    <skipped/>
  </testcase>
  <testcase name="startExtent" classname="test.TestHomePage" time="0">
    <skipped/>
  </testcase>
  <testcase name="startExtent" classname="test.TestHomePage" time="0">
    <skipped/>
  </testcase>
  <testcase name="startExtent" classname="test.TestHomePage" time="0">
    <skipped/>
  </testcase>
  <testcase name="startExtent" classname="test.TestHomePage" time="0">
    <skipped/>
  </testcase>
  <testcase name="startExtent" classname="test.TestHomePage" time="0">
    <skipped/>
  </testcase>
  <testcase name="startExtent" classname="test.TestHomePage" time="0">
    <skipped/>
  </testcase>
  <testcase name="startExtent" classname="test.TestHomePage" time="0">
    <skipped/>
  </testcase>
  <testcase name="startExtent" classname="test.TestHomePage" time="0">
    <skipped/>
  </testcase>
  <testcase name="test1" classname="test.TestHomePage" time="0">
    <skipped message="The driver executable must exist: C:\Users\nassi\IdeaProjects\FinalProject\CitiBank\..\Generic\drivers\chromedriver"/>
  </testcase>
  <testcase name="afterEachTestMethod" classname="test.TestHomePage" time="0">
    <skipped/>
  </testcase>
  <testcase name="afterEachTestMethod" classname="test.TestHomePage" time="0">
    <skipped/>
  </testcase>
  <testcase name="afterEachTestMethod" classname="test.TestHomePage" time="0">
    <skipped/>
  </testcase>
  <testcase name="afterEachTestMethod" classname="test.TestHomePage" time="0">
    <skipped/>
  </testcase>
  <testcase name="afterEachTestMethod" classname="test.TestHomePage" time="0">
    <skipped/>
  </testcase>
  <testcase name="afterEachTestMethod" classname="test.TestHomePage" time="0">
    <skipped/>
  </testcase>
  <testcase name="afterEachTestMethod" classname="test.TestHomePage" time="0">
    <skipped/>
  </testcase>
  <testcase name="afterEachTestMethod" classname="test.TestHomePage" time="0">
    <skipped/>
  </testcase>
  <testcase name="afterEachTestMethod" classname="test.TestHomePage" time="0">
    <skipped/>
  </testcase>
  <testcase name="afterEachTestMethod" classname="test.TestHomePage" time="0">
    <skipped/>
  </testcase>
  <testcase name="afterEachTestMethod" classname="test.TestHomePage" time="0">
    <skipped/>
  </testcase>
  <testcase name="afterEachTestMethod" classname="test.TestHomePage" time="0">
    <skipped/>
  </testcase>
  <testcase name="afterEachTestMethod" classname="test.TestHomePage" time="0">
    <skipped/>
  </testcase>
  <testcase name="afterEachTestMethod" classname="test.TestHomePage" time="0">
    <skipped/>
  </testcase>
  <testcase name="afterEachTestMethod" classname="test.TestHomePage" time="0">
    <skipped/>
  </testcase>
  <testcase name="afterEachTestMethod" classname="test.TestHomePage" time="0">
    <skipped/>
  </testcase>
  <testcase name="afterEachTestMethod" classname="test.TestHomePage" time="0">
    <skipped/>
  </testcase>
  <testcase name="afterEachTestMethod" classname="test.TestHomePage" time="0">
    <skipped/>
  </testcase>
  <testcase name="afterEachTestMethod" classname="test.TestHomePage" time="0">
    <skipped/>
  </testcase>
  <testcase name="afterEachTestMethod" classname="test.TestHomePage" time="0">
    <skipped/>
  </testcase>
  <testcase name="afterMethod" classname="test.TestHomePage" time="0">
    <skipped/>
  </testcase>
  <testcase name="afterMethod" classname="test.TestHomePage" time="0">
    <skipped/>
  </testcase>
  <testcase name="afterMethod" classname="test.TestHomePage" time="0">
    <skipped/>
  </testcase>
  <testcase name="afterMethod" classname="test.TestHomePage" time="0">
    <skipped/>
  </testcase>
  <testcase name="afterMethod" classname="test.TestHomePage" time="0">
    <skipped/>
  </testcase>
  <testcase name="afterMethod" classname="test.TestHomePage" time="0">
    <skipped/>
  </testcase>
  <testcase name="afterMethod" classname="test.TestHomePage" time="0">
    <skipped/>
  </testcase>
  <testcase name="afterMethod" classname="test.TestHomePage" time="0">
    <skipped/>
  </testcase>
  <testcase name="afterMethod" classname="test.TestHomePage" time="0">
    <skipped/>
  </testcase>
  <testcase name="afterMethod" classname="test.TestHomePage" time="0">
    <skipped/>
  </testcase>
  <testcase name="afterMethod" classname="test.TestHomePage" time="0">
    <skipped/>
  </testcase>
  <testcase name="afterMethod" classname="test.TestHomePage" time="0">
    <skipped/>
  </testcase>
  <testcase name="afterMethod" classname="test.TestHomePage" time="0">
    <skipped/>
  </testcase>
  <testcase name="afterMethod" classname="test.TestHomePage" time="0">
    <skipped/>
  </testcase>
  <testcase name="afterMethod" classname="test.TestHomePage" time="0">
    <skipped/>
  </testcase>
  <testcase name="afterMethod" classname="test.TestHomePage" time="0">
    <skipped/>
  </testcase>
  <testcase name="afterMethod" classname="test.TestHomePage" time="0">
    <skipped/>
  </testcase>
  <testcase name="afterMethod" classname="test.TestHomePage" time="0">
    <skipped/>
  </testcase>
  <testcase name="afterMethod" classname="test.TestHomePage" time="0">
    <skipped/>
  </testcase>
  <testcase name="afterMethod" classname="test.TestHomePage" time="0">
    <skipped/>
  </testcase>
  <testcase name="test10" classname="test.TestHomePage" time="0">
    <skipped message="The driver executable must exist: C:\Users\nassi\IdeaProjects\FinalProject\CitiBank\..\Generic\drivers\chromedriver"/>
  </testcase>
  <testcase name="test11" classname="test.TestHomePage" time="0">
    <skipped message="The driver executable must exist: C:\Users\nassi\IdeaProjects\FinalProject\CitiBank\..\Generic\drivers\chromedriver"/>
  </testcase>
  <testcase name="test12" classname="test.TestHomePage" time="0">
    <skipped message="The driver executable must exist: C:\Users\nassi\IdeaProjects\FinalProject\CitiBank\..\Generic\drivers\chromedriver"/>
  </testcase>
  <testcase name="test13" classname="test.TestHomePage" time="0">
    <skipped message="The driver executable must exist: C:\Users\nassi\IdeaProjects\FinalProject\CitiBank\..\Generic\drivers\chromedriver"/>
  </testcase>
  <testcase name="test14" classname="test.TestHomePage" time="0">
    <skipped message="The driver executable must exist: C:\Users\nassi\IdeaProjects\FinalProject\CitiBank\..\Generic\drivers\chromedriver"/>
  </testcase>
  <testcase name="test15" classname="test.TestHomePage" time="0">
    <skipped message="The driver executable must exist: C:\Users\nassi\IdeaProjects\FinalProject\CitiBank\..\Generic\drivers\chromedriver"/>
  </testcase>
  <testcase name="test16" classname="test.TestHomePage" time="0">
    <skipped message="The driver executable must exist: C:\Users\nassi\IdeaProjects\FinalProject\CitiBank\..\Generic\drivers\chromedriver"/>
  </testcase>
  <testcase name="test17" classname="test.TestHomePage" time="0">
    <skipped message="The driver executable must exist: C:\Users\nassi\IdeaProjects\FinalProject\CitiBank\..\Generic\drivers\chromedriver"/>
  </testcase>
  <testcase name="test18" classname="test.TestHomePage" time="0">
    <skipped message="The driver executable must exist: C:\Users\nassi\IdeaProjects\FinalProject\CitiBank\..\Generic\drivers\chromedriver"/>
  </testcase>
  <testcase name="test19" classname="test.TestHomePage" time="0">
    <skipped message="The driver executable must exist: C:\Users\nassi\IdeaProjects\FinalProject\CitiBank\..\Generic\drivers\chromedriver"/>
  </testcase>
  <testcase name="test2" classname="test.TestHomePage" time="0">
    <skipped message="The driver executable must exist: C:\Users\nassi\IdeaProjects\FinalProject\CitiBank\..\Generic\drivers\chromedriver"/>
  </testcase>
  <testcase name="test20" classname="test.TestHomePage" time="0">
    <skipped message="The driver executable must exist: C:\Users\nassi\IdeaProjects\FinalProject\CitiBank\..\Generic\drivers\chromedriver"/>
  </testcase>
  <testcase name="test3" classname="test.TestHomePage" time="0">
    <skipped message="The driver executable must exist: C:\Users\nassi\IdeaProjects\FinalProject\CitiBank\..\Generic\drivers\chromedriver"/>
  </testcase>
  <testcase name="test4" classname="test.TestHomePage" time="0">
    <skipped message="The driver executable must exist: C:\Users\nassi\IdeaProjects\FinalProject\CitiBank\..\Generic\drivers\chromedriver"/>
  </testcase>
  <testcase name="test5" classname="test.TestHomePage" time="0">
    <skipped message="The driver executable must exist: C:\Users\nassi\IdeaProjects\FinalProject\CitiBank\..\Generic\drivers\chromedriver"/>
  </testcase>
  <testcase name="test6" classname="test.TestHomePage" time="0">
    <skipped message="The driver executable must exist: C:\Users\nassi\IdeaProjects\FinalProject\CitiBank\..\Generic\drivers\chromedriver"/>
  </testcase>
  <testcase name="test7" classname="test.TestHomePage" time="0">
    <skipped message="The driver executable must exist: C:\Users\nassi\IdeaProjects\FinalProject\CitiBank\..\Generic\drivers\chromedriver"/>
  </testcase>
  <testcase name="test8" classname="test.TestHomePage" time="0">
    <skipped message="The driver executable must exist: C:\Users\nassi\IdeaProjects\FinalProject\CitiBank\..\Generic\drivers\chromedriver"/>
  </testcase>
  <testcase name="test9" classname="test.TestHomePage" time="0">
    <skipped message="The driver executable must exist: C:\Users\nassi\IdeaProjects\FinalProject\CitiBank\..\Generic\drivers\chromedriver"/>
  </testcase>
  <testcase name="setUp" classname="test.TestOpenAccount" time="0.003">
    <failure message="The driver executable must exist: C:\Users\nassi\IdeaProjects\FinalProject\CitiBank\..\Generic\drivers\chromedriver" type="java.lang.IllegalStateException">java.lang.IllegalStateException: The driver executable must exist: C:\Users\nassi\IdeaProjects\FinalProject\CitiBank\..\Generic\drivers\chromedriver
</failure>
  </testcase>
  <testcase name="startExtent" classname="test.TestOpenAccount" time="0">
    <skipped/>
  </testcase>
  <testcase name="newAccount" classname="test.TestOpenAccount" time="0">
    <skipped message="The driver executable must exist: C:\Users\nassi\IdeaProjects\FinalProject\CitiBank\..\Generic\drivers\chromedriver"/>
  </testcase>
  <testcase name="afterEachTestMethod" classname="test.TestOpenAccount" time="0">
    <skipped/>
  </testcase>
  <testcase name="afterMethod" classname="test.TestOpenAccount" time="0">
    <skipped/>
  </testcase>
  <testcase name="setUp" classname="test.TestQuickLink" time="0.004">
    <failure message="The driver executable must exist: C:\Users\nassi\IdeaProjects\FinalProject\CitiBank\..\Generic\drivers\chromedriver" type="java.lang.IllegalStateException">java.lang.IllegalStateException: The driver executable must exist: C:\Users\nassi\IdeaProjects\FinalProject\CitiBank\..\Generic\drivers\chromedriver
</failure>
  </testcase>
  <testcase name="startExtent" classname="test.TestQuickLink" time="0">
    <skipped/>
  </testcase>
  <testcase name="knowleg" classname="test.TestQuickLink" time="0">
    <skipped message="The driver executable must exist: C:\Users\nassi\IdeaProjects\FinalProject\CitiBank\..\Generic\drivers\chromedriver"/>
  </testcase>
  <testcase name="afterEachTestMethod" classname="test.TestQuickLink" time="0">
    <skipped/>
  </testcase>
  <testcase name="afterMethod" classname="test.TestQuickLink" time="0">
    <skipped/>
  </testcase>
  <testcase name="setUp" classname="test.TestRespondToMailOffer" time="0.004">
    <failure message="The driver executable must exist: C:\Users\nassi\IdeaProjects\FinalProject\CitiBank\..\Generic\drivers\chromedriver" type="java.lang.IllegalStateException">java.lang.IllegalStateException: The driver executable must exist: C:\Users\nassi\IdeaProjects\FinalProject\CitiBank\..\Generic\drivers\chromedriver
</failure>
  </testcase>
  <testcase name="startExtent" classname="test.TestRespondToMailOffer" time="0">
    <skipped/>
  </testcase>
  <testcase name="respond" classname="test.TestRespondToMailOffer" time="0">
    <skipped message="The driver executable must exist: C:\Users\nassi\IdeaProjects\FinalProject\CitiBank\..\Generic\drivers\chromedriver"/>
  </testcase>
  <testcase name="afterEachTestMethod" classname="test.TestRespondToMailOffer" time="0">
    <skipped/>
  </testcase>
  <testcase name="afterMethod" classname="test.TestRespondToMailOffer" time="0">
    <skipped/>
  </testcase>
  <testcase name="setUp" classname="test.TestSingon" time="0.003">
    <failure message="The driver executable must exist: C:\Users\nassi\IdeaProjects\FinalProject\CitiBank\..\Generic\drivers\chromedriver" type="java.lang.IllegalStateException">java.lang.IllegalStateException: The driver executable must exist: C:\Users\nassi\IdeaProjects\FinalProject\CitiBank\..\Generic\drivers\chromedriver
</failure>
  </testcase>
  <testcase name="setUp" classname="test.TestSingon" time="0">
    <skipped/>
  </testcase>
  <testcase name="setUp" classname="test.TestSingon" time="0">
    <skipped/>
  </testcase>
  <testcase name="setUp" classname="test.TestSingon" time="0">
    <skipped/>
  </testcase>
  <testcase name="startExtent" classname="test.TestSingon" time="0">
    <skipped/>
  </testcase>
  <testcase name="startExtent" classname="test.TestSingon" time="0">
    <skipped/>
  </testcase>
  <testcase name="startExtent" classname="test.TestSingon" time="0">
    <skipped/>
  </testcase>
  <testcase name="startExtent" classname="test.TestSingon" time="0">
    <skipped/>
  </testcase>
  <testcase name="ActivatTheCard" classname="test.TestSingon" time="0">
    <skipped message="The driver executable must exist: C:\Users\nassi\IdeaProjects\FinalProject\CitiBank\..\Generic\drivers\chromedriver"/>
  </testcase>
  <testcase name="afterEachTestMethod" classname="test.TestSingon" time="0">
    <skipped/>
  </testcase>
  <testcase name="afterEachTestMethod" classname="test.TestSingon" time="0">
    <skipped/>
  </testcase>
  <testcase name="afterEachTestMethod" classname="test.TestSingon" time="0">
    <skipped/>
  </testcase>
  <testcase name="afterEachTestMethod" classname="test.TestSingon" time="0">
    <skipped/>
  </testcase>
  <testcase name="afterMethod" classname="test.TestSingon" time="0">
    <skipped/>
  </testcase>
  <testcase name="afterMethod" classname="test.TestSingon" time="0">
    <skipped/>
  </testcase>
  <testcase name="afterMethod" classname="test.TestSingon" time="0">
    <skipped/>
  </testcase>
  <testcase name="afterMethod" classname="test.TestSingon" time="0">
    <skipped/>
  </testcase>
  <testcase name="mobileSign" classname="test.TestSingon" time="0">
    <skipped message="The driver executable must exist: C:\Users\nassi\IdeaProjects\FinalProject\CitiBank\..\Generic\drivers\chromedriver"/>
  </testcase>
  <testcase name="recoverAccount" classname="test.TestSingon" time="0">
    <skipped message="The driver executable must exist: C:\Users\nassi\IdeaProjects\FinalProject\CitiBank\..\Generic\drivers\chromedriver"/>
  </testcase>
  <testcase name="signOninfo" classname="test.TestSingon" time="0">
    <skipped message="The driver executable must exist: C:\Users\nassi\IdeaProjects\FinalProject\CitiBank\..\Generic\drivers\chromedriver"/>
  </testcase>
  <testcase name="setUp" classname="test.TestSpecialOffer" time="0.004">
    <failure message="The driver executable must exist: C:\Users\nassi\IdeaProjects\FinalProject\CitiBank\..\Generic\drivers\chromedriver" type="java.lang.IllegalStateException">java.lang.IllegalStateException: The driver executable must exist: C:\Users\nassi\IdeaProjects\FinalProject\CitiBank\..\Generic\drivers\chromedriver
</failure>
  </testcase>
  <testcase name="startExtent" classname="test.TestSpecialOffer" time="0">
    <skipped/>
  </testcase>
  <testcase name="offers" classname="test.TestSpecialOffer" time="0">
    <skipped message="The driver executable must exist: C:\Users\nassi\IdeaProjects\FinalProject\CitiBank\..\Generic\drivers\chromedriver"/>
  </testcase>
  <testcase name="afterEachTestMethod" classname="test.TestSpecialOffer" time="0">
    <skipped/>
  </testcase>
  <testcase name="afterMethod" classname="test.TestSpecialOffer" time="0">
    <skipped/>
  </testcase>
</testsuite>