<?xml version="1.0" encoding="UTF-8"?>
<testng-results ignored="0" total="1" passed="1" failed="0" skipped="0">
  <reporter-output>
    <line>
      <![CDATA[Extent Report DirectoryC:\Users\nassi\IdeaProjects\FinalProject\CitiBank\test-output\html]]>
    </line>
  </reporter-output>
  <suite started-at="2021-11-19T10:56:19 EST" name="citibank Automation Scipt" finished-at="2021-11-19T10:56:34 EST" duration-ms="15177">
    <groups>
    </groups>
    <test started-at="2021-11-19T10:56:19 EST" name="smoke testing CityBank search" finished-at="2021-11-19T10:56:34 EST" duration-ms="15177">
      <class name="test.TestGetHelp">
        <test-method is-config="true" signature="extentSetup(org.testng.ITestContext)[pri:0, instance:test.TestGetHelp@610f7aa]" started-at="2021-11-19T10:56:18 EST" name="extentSetup" finished-at="2021-11-19T10:56:19 EST" duration-ms="312" status="PASS">
          <params>
            <param index="0">
              <value>
                <![CDATA[org.testng.TestRunner@64412d34]]>
              </value>
            </param>
          </params>
          <reporter-output>
            <line>
              <![CDATA[Extent Report DirectoryC:\Users\nassi\IdeaProjects\FinalProject\CitiBank\test-output\html]]>
            </line>
          </reporter-output>
        </test-method> <!-- extentSetup -->
        <test-method is-config="true" signature="setUp(boolean,java.lang.String,java.lang.String,java.lang.String,java.lang.String,java.lang.String,java.lang.String)[pri:0, instance:test.TestGetHelp@610f7aa]" started-at="2021-11-19T10:56:19 EST" name="setUp" finished-at="2021-11-19T10:56:25 EST" duration-ms="6344" status="PASS">
          <params>
            <param index="0">
              <value>
                <![CDATA[false]]>
              </value>
            </param>
            <param index="1">
              <value>
                <![CDATA[browserstack]]>
              </value>
            </param>
            <param index="2">
              <value>
                <![CDATA[Windows]]>
              </value>
            </param>
            <param index="3">
              <value>
                <![CDATA[10]]>
              </value>
            </param>
            <param index="4">
              <value>
                <![CDATA[chrome]]>
              </value>
            </param>
            <param index="5">
              <value>
                <![CDATA[34]]>
              </value>
            </param>
            <param index="6">
              <value>
                <![CDATA[https://www.citi.com]]>
              </value>
            </param>
          </params>
          <reporter-output>
          </reporter-output>
        </test-method> <!-- setUp -->
        <test-method is-config="true" signature="startExtent(java.lang.reflect.Method)[pri:0, instance:test.TestGetHelp@610f7aa]" started-at="2021-11-19T10:56:25 EST" name="startExtent" finished-at="2021-11-19T10:56:25 EST" duration-ms="8" status="PASS">
          <params>
            <param index="0">
              <value>
                <![CDATA[public void test.TestGetHelp.getInfo() throws java.lang.InterruptedException]]>
              </value>
            </param>
          </params>
          <reporter-output>
          </reporter-output>
        </test-method> <!-- startExtent -->
        <test-method signature="getInfo()[pri:0, instance:test.TestGetHelp@610f7aa]" started-at="2021-11-19T10:56:25 EST" name="getInfo" finished-at="2021-11-19T10:56:34 EST" duration-ms="8791" status="PASS">
          <reporter-output>
          </reporter-output>
        </test-method> <!-- getInfo -->
      </class> <!-- test.TestGetHelp -->
    </test> <!-- smoke testing CityBank search -->
  </suite> <!-- citibank Automation Scipt -->
</testng-results>
